<?xml version="1.0" encoding="UTF-8"?>
<!-- Generated by org.testng.reporters.JUnitXMLReporter -->
<testsuite ignored="0" hostname="HareKrishna" failures="1" tests="9" name="Regression Test Cases" time="166.719" errors="0" timestamp="2021-05-11T20:02:12 IST">
  <testcase classname="com.orangehrm.qa.testcases.LandingPageTest" name="validatetitleTest" time="0.067">
    <failure type="java.lang.AssertionError" message="expected [HR Management System | HR Management  | OrangeHRM] but found [HR Management System | HR Management Software | OrangeHRM]">
      <![CDATA[java.lang.AssertionError: expected [HR Management System | HR Management  | OrangeHRM] but found [HR Management System | HR Management Software | OrangeHRM]
at com.orangehrm.qa.testcases.LandingPageTest.validatetitleTest(LandingPageTest.java:29)
at java.base/java.util.ArrayList.forEach(ArrayList.java:1511)
... Removed 33 stack frames]]>
    </failure>
  </testcase> <!-- validatetitleTest -->
  <testcase classname="com.orangehrm.qa.testcases.LandingPageTest" name="validateLogoTest" time="0.135"/>
  <testcase classname="com.orangehrm.qa.testcases.LandingPageTest" name="clickOnFreedemoTest" time="10.352"/>
  <testcase classname="com.orangehrm.qa.testcases.ContactSalesPageTest" name="validateSocialMediaImageTest" time="0.117"/>
  <testcase classname="com.orangehrm.qa.testcases.ContactSalesPageTest" name="clickOnBlogTest" time="0.235"/>
  <testcase classname="com.orangehrm.qa.testcases.FreeDemoPageTest" name="createMultiUser" time="1.743"/>
  <testcase classname="com.orangehrm.qa.testcases.FreeDemoPageTest" name="createMultiUser" time="1.643"/>
  <testcase classname="com.orangehrm.qa.testcases.FreeDemoPageTest" name="createMultiUser" time="1.653"/>
  <testcase classname="com.orangehrm.qa.testcases.FreeDemoPageTest" name="createUser" time="1.641"/>
</testsuite> <!-- Regression Test Cases -->
