<?xml version="1.0" encoding="UTF-8"?>
<!-- Generated by org.testng.reporters.JUnitXMLReporter -->
<testsuite ignored="0" hostname="HareKrishna" failures="1" tests="5" name="Sanity Test Cases" time="96.875" errors="0" timestamp="2021-05-06T17:55:37 IST">
  <testcase classname="com.orangehrm.qa.testcases.LandingPageTest" name="validatetitleTest" time="0.06"/>
  <testcase classname="com.orangehrm.qa.testcases.LandingPageTest" name="validateLogoTest" time="0.19"/>
  <testcase classname="com.orangehrm.qa.testcases.LandingPageTest" name="clickOnFreedemoTest" time="3.85"/>
  <testcase classname="com.orangehrm.qa.testcases.ContactSalesPageTest" name="validateSocialMediaImageTest" time="0.137"/>
  <testcase classname="com.orangehrm.qa.testcases.ContactSalesPageTest" name="clickOnBlogTest" time="20.17">
    <failure type="org.openqa.selenium.NoSuchElementException" message="no such element: Unable to locate element: {&amp;quot;method&amp;quot;:&amp;quot;css selector&amp;quot;,&amp;quot;selector&amp;quot;:&amp;quot;body.pc.pace-done:nth-child(2) footer.footer:nth-child(14) div.footer__bottom div.row.footer_links div.container div.col-xs-12.col-sm-6.col-md-2:nth-child(2) ul:nth-child(2) li:nth-child(1) &amp;gt; a:nth-child(1)&amp;quot;}
  (Session info: chrome=90.0.4430.93)
For documentation on this error, please visit: https://selenium.dev/exceptions/#no_such_element
Build info: version: &amp;apos;4.0.0-beta-3&amp;apos;, revision: &amp;apos;5d108f9a67&amp;apos;
System info: host: &amp;apos;HAREKRISHNA&amp;apos;, ip: &amp;apos;192.168.43.10&amp;apos;, os.name: &amp;apos;Windows 8.1&amp;apos;, os.arch: &amp;apos;amd64&amp;apos;, os.version: &amp;apos;6.3&amp;apos;, java.version: &amp;apos;15.0.1&amp;apos;
Driver info: org.openqa.selenium.chrome.ChromeDriver
Command: [2b538437da37504f5c1eb31fc0f50b96, findElement {using=css selector, value=body.pc.pace-done:nth-child(2) footer.footer:nth-child(14) div.footer__bottom div.row.footer_links div.container div.col-xs-12.col-sm-6.col-md-2:nth-child(2) ul:nth-child(2) li:nth-child(1) &amp;gt; a:nth-child(1)}]
Capabilities {acceptInsecureCerts: false, browserName: chrome, browserVersion: 90.0.4430.93, chrome: {chromedriverVersion: 90.0.4430.24 (4c6d850f087da..., userDataDir: C:\Users\Sanjay\AppData\Loc...}, goog:chromeOptions: {debuggerAddress: localhost:58035}, javascriptEnabled: true, networkConnectionEnabled: false, pageLoadStrategy: normal, platform: WINDOWS, platformName: WINDOWS, proxy: Proxy(), se:cdp: ws://localhost:58035/devtoo..., se:cdpVersion: 90.0.4430.93, setWindowRect: true, strictFileInteractability: false, timeouts: {implicit: 0, pageLoad: 300000, script: 30000}, unhandledPromptBehavior: dismiss and notify, webauthn:extension:largeBlob: true, webauthn:virtualAuthenticators: true}
Session ID: 2b538437da37504f5c1eb31fc0f50b96">
      <![CDATA[org.openqa.selenium.NoSuchElementException: no such element: Unable to locate element: {"method":"css selector","selector":"body.pc.pace-done:nth-child(2) footer.footer:nth-child(14) div.footer__bottom div.row.footer_links div.container div.col-xs-12.col-sm-6.col-md-2:nth-child(2) ul:nth-child(2) li:nth-child(1) > a:nth-child(1)"}
  (Session info: chrome=90.0.4430.93)
For documentation on this error, please visit: https://selenium.dev/exceptions/#no_such_element
Build info: version: '4.0.0-beta-3', revision: '5d108f9a67'
System info: host: 'HAREKRISHNA', ip: '192.168.43.10', os.name: 'Windows 8.1', os.arch: 'amd64', os.version: '6.3', java.version: '15.0.1'
Driver info: org.openqa.selenium.chrome.ChromeDriver
Command: [2b538437da37504f5c1eb31fc0f50b96, findElement {using=css selector, value=body.pc.pace-done:nth-child(2) footer.footer:nth-child(14) div.footer__bottom div.row.footer_links div.container div.col-xs-12.col-sm-6.col-md-2:nth-child(2) ul:nth-child(2) li:nth-child(1) > a:nth-child(1)}]
Capabilities {acceptInsecureCerts: false, browserName: chrome, browserVersion: 90.0.4430.93, chrome: {chromedriverVersion: 90.0.4430.24 (4c6d850f087da..., userDataDir: C:\Users\Sanjay\AppData\Loc...}, goog:chromeOptions: {debuggerAddress: localhost:58035}, javascriptEnabled: true, networkConnectionEnabled: false, pageLoadStrategy: normal, platform: WINDOWS, platformName: WINDOWS, proxy: Proxy(), se:cdp: ws://localhost:58035/devtoo..., se:cdpVersion: 90.0.4430.93, setWindowRect: true, strictFileInteractability: false, timeouts: {implicit: 0, pageLoad: 300000, script: 30000}, unhandledPromptBehavior: dismiss and notify, webauthn:extension:largeBlob: true, webauthn:virtualAuthenticators: true}
Session ID: 2b538437da37504f5c1eb31fc0f50b96
at org.openqa.selenium.remote.codec.w3c.W3CHttpResponseCodec.createException(W3CHttpResponseCodec.java:198)
at org.openqa.selenium.remote.codec.w3c.W3CHttpResponseCodec.decode(W3CHttpResponseCodec.java:131)
at org.openqa.selenium.remote.codec.w3c.W3CHttpResponseCodec.decode(W3CHttpResponseCodec.java:52)
at org.openqa.selenium.remote.HttpCommandExecutor.execute(HttpCommandExecutor.java:184)
at org.openqa.selenium.remote.service.DriverCommandExecutor.invokeExecute(DriverCommandExecutor.java:153)
at org.openqa.selenium.remote.service.DriverCommandExecutor.execute(DriverCommandExecutor.java:128)
at org.openqa.selenium.remote.RemoteWebDriver.execute(RemoteWebDriver.java:619)
at org.openqa.selenium.remote.RemoteWebDriver$Mechanism$2.findElement(RemoteWebDriver.java:1258)
at org.openqa.selenium.remote.RemoteWebDriver.findElement(RemoteWebDriver.java:386)
at org.openqa.selenium.remote.RemoteWebDriver.findElement(RemoteWebDriver.java:380)
at org.openqa.selenium.support.pagefactory.DefaultElementLocator.findElement(DefaultElementLocator.java:70)
at org.openqa.selenium.support.pagefactory.internal.LocatingElementHandler.invoke(LocatingElementHandler.java:39)
at com.sun.proxy.$Proxy16.click(Unknown Source)
at com.orangehrm.qa.pages.ContactSalesPage.clickBlog(ContactSalesPage.java:27)
at com.orangehrm.qa.testcases.ContactSalesPageTest.clickOnBlogTest(ContactSalesPageTest.java:37)
at java.base/java.util.ArrayList.forEach(ArrayList.java:1511)
... Removed 32 stack frames]]>
    </failure>
  </testcase> <!-- clickOnBlogTest -->
</testsuite> <!-- Sanity Test Cases -->
