<?xml version="1.0" encoding="UTF-8"?>
<testng-results ignored="0" total="3" passed="2" failed="1" skipped="0">
  <reporter-output>
  </reporter-output>
  <suite started-at="2021-05-11T16:29:53 IST" name="Orange Application Automation Suite" finished-at="2021-05-11T16:30:56 IST" duration-ms="62984">
    <groups>
    </groups>
    <test started-at="2021-05-11T16:29:53 IST" name="Regression Test Cases" finished-at="2021-05-11T16:30:56 IST" duration-ms="62984">
      <class name="com.orangehrm.qa.testcases.LandingPageTest">
        <test-method is-config="true" signature="setup()[pri:0, instance:com.orangehrm.qa.testcases.LandingPageTest@7ac296f6]" started-at="2021-05-11T16:29:53 IST" name="setup" finished-at="2021-05-11T16:30:12 IST" duration-ms="19124" status="PASS">
          <reporter-output>
          </reporter-output>
        </test-method> <!-- setup -->
        <test-method signature="validatetitleTest()[pri:1, instance:com.orangehrm.qa.testcases.LandingPageTest@7ac296f6]" started-at="2021-05-11T16:30:12 IST" name="validatetitleTest" finished-at="2021-05-11T16:30:12 IST" duration-ms="50" status="FAIL">
          <exception class="java.lang.AssertionError">
            <message>
              <![CDATA[expected [HR Management System | HR Management  | OrangeHRM] but found [HR Management System | HR Management Software | OrangeHRM]]]>
            </message>
            <full-stacktrace>
              <![CDATA[java.lang.AssertionError: expected [HR Management System | HR Management  | OrangeHRM] but found [HR Management System | HR Management Software | OrangeHRM]
at org.testng.Assert.fail(Assert.java:99)
at org.testng.Assert.failNotEquals(Assert.java:1037)
at org.testng.Assert.assertEqualsImpl(Assert.java:140)
at org.testng.Assert.assertEquals(Assert.java:122)
at org.testng.Assert.assertEquals(Assert.java:629)
at org.testng.Assert.assertEquals(Assert.java:639)
at com.orangehrm.qa.testcases.LandingPageTest.validatetitleTest(LandingPageTest.java:29)
at java.base/jdk.internal.reflect.NativeMethodAccessorImpl.invoke0(Native Method)
at java.base/jdk.internal.reflect.NativeMethodAccessorImpl.invoke(NativeMethodAccessorImpl.java:64)
at java.base/jdk.internal.reflect.DelegatingMethodAccessorImpl.invoke(DelegatingMethodAccessorImpl.java:43)
at java.base/java.lang.reflect.Method.invoke(Method.java:564)
at org.testng.internal.MethodInvocationHelper.invokeMethod(MethodInvocationHelper.java:132)
at org.testng.internal.TestInvoker.invokeMethod(TestInvoker.java:599)
at org.testng.internal.TestInvoker.invokeTestMethod(TestInvoker.java:174)
at org.testng.internal.MethodRunner.runInSequence(MethodRunner.java:46)
at org.testng.internal.TestInvoker$MethodInvocationAgent.invoke(TestInvoker.java:822)
at org.testng.internal.TestInvoker.invokeTestMethods(TestInvoker.java:147)
at org.testng.internal.TestMethodWorker.invokeTestMethods(TestMethodWorker.java:146)
at org.testng.internal.TestMethodWorker.run(TestMethodWorker.java:128)
at java.base/java.util.ArrayList.forEach(ArrayList.java:1511)
at org.testng.TestRunner.privateRun(TestRunner.java:764)
at org.testng.TestRunner.run(TestRunner.java:585)
at org.testng.SuiteRunner.runTest(SuiteRunner.java:384)
at org.testng.SuiteRunner.runSequentially(SuiteRunner.java:378)
at org.testng.SuiteRunner.privateRun(SuiteRunner.java:337)
at org.testng.SuiteRunner.run(SuiteRunner.java:286)
at org.testng.SuiteRunnerWorker.runSuite(SuiteRunnerWorker.java:53)
at org.testng.SuiteRunnerWorker.run(SuiteRunnerWorker.java:96)
at org.testng.TestNG.runSuitesSequentially(TestNG.java:1218)
at org.testng.TestNG.runSuitesLocally(TestNG.java:1140)
at org.testng.TestNG.runSuites(TestNG.java:1069)
at org.testng.TestNG.run(TestNG.java:1037)
at org.testng.remote.AbstractRemoteTestNG.run(AbstractRemoteTestNG.java:115)
at org.testng.remote.RemoteTestNG.initAndRun(RemoteTestNG.java:251)
at org.testng.remote.RemoteTestNG.main(RemoteTestNG.java:77)
]]>
            </full-stacktrace>
          </exception> <!-- java.lang.AssertionError -->
          <reporter-output>
          </reporter-output>
        </test-method> <!-- validatetitleTest -->
        <test-method is-config="true" signature="tearDown()[pri:0, instance:com.orangehrm.qa.testcases.LandingPageTest@7ac296f6]" started-at="2021-05-11T16:30:13 IST" name="tearDown" finished-at="2021-05-11T16:30:14 IST" duration-ms="1002" status="PASS">
          <reporter-output>
          </reporter-output>
        </test-method> <!-- tearDown -->
        <test-method is-config="true" signature="setup()[pri:0, instance:com.orangehrm.qa.testcases.LandingPageTest@7ac296f6]" started-at="2021-05-11T16:30:14 IST" name="setup" finished-at="2021-05-11T16:30:31 IST" duration-ms="16981" status="PASS">
          <reporter-output>
          </reporter-output>
        </test-method> <!-- setup -->
        <test-method signature="validateLogoTest()[pri:2, instance:com.orangehrm.qa.testcases.LandingPageTest@7ac296f6]" started-at="2021-05-11T16:30:31 IST" name="validateLogoTest" finished-at="2021-05-11T16:30:31 IST" duration-ms="148" status="PASS">
          <reporter-output>
          </reporter-output>
        </test-method> <!-- validateLogoTest -->
        <test-method is-config="true" signature="tearDown()[pri:0, instance:com.orangehrm.qa.testcases.LandingPageTest@7ac296f6]" started-at="2021-05-11T16:30:31 IST" name="tearDown" finished-at="2021-05-11T16:30:32 IST" duration-ms="960" status="PASS">
          <reporter-output>
          </reporter-output>
        </test-method> <!-- tearDown -->
        <test-method is-config="true" signature="setup()[pri:0, instance:com.orangehrm.qa.testcases.LandingPageTest@7ac296f6]" started-at="2021-05-11T16:30:32 IST" name="setup" finished-at="2021-05-11T16:30:50 IST" duration-ms="17842" status="PASS">
          <reporter-output>
          </reporter-output>
        </test-method> <!-- setup -->
        <test-method signature="clickOnFreedemoTest()[pri:3, instance:com.orangehrm.qa.testcases.LandingPageTest@7ac296f6]" started-at="2021-05-11T16:30:50 IST" name="clickOnFreedemoTest" finished-at="2021-05-11T16:30:55 IST" duration-ms="4847" status="PASS">
          <reporter-output>
          </reporter-output>
        </test-method> <!-- clickOnFreedemoTest -->
        <test-method is-config="true" signature="tearDown()[pri:0, instance:com.orangehrm.qa.testcases.LandingPageTest@7ac296f6]" started-at="2021-05-11T16:30:55 IST" name="tearDown" finished-at="2021-05-11T16:30:56 IST" duration-ms="961" status="PASS">
          <reporter-output>
          </reporter-output>
        </test-method> <!-- tearDown -->
      </class> <!-- com.orangehrm.qa.testcases.LandingPageTest -->
    </test> <!-- Regression Test Cases -->
  </suite> <!-- Orange Application Automation Suite -->
</testng-results>
